<?xml version="1.0" encoding="UTF-8"?>
<Site BuildName="Linux-g++"
	BuildStamp="20231122-1145-Experimental"
	Name="alejo-costa"
	Generator="ctest-3.24.3"
	CompilerName="/usr/bin/g++"
	CompilerVersion="11.3.0"
	OSName="Linux"
	Hostname="alejo-costa"
	OSRelease="6.2.0-37-generic"
	OSVersion="#38~22.04.1-Ubuntu SMP PREEMPT_DYNAMIC Thu Nov  2 18:01:13 UTC 2"
	OSPlatform="x86_64"
	Is64Bits="1"
	VendorString="GenuineIntel"
	VendorID="Intel Corporation"
	FamilyID="6"
	ModelID="158"
	ProcessorCacheSize="12288"
	NumberOfLogicalCPU="12"
	NumberOfPhysicalCPU="6"
	TotalVirtualMemory="2047"
	TotalPhysicalMemory="15852"
	LogicalProcessorsPerPhysical="2"
	ProcessorClockFrequency="4300.17"
	>
	<Testing>
		<StartDateTime>Nov 22 08:45 -03</StartDateTime>
		<StartTestTime>1700653546</StartTestTime>
		<TestList/>
		<EndDateTime>Nov 22 08:45 -03</EndDateTime>
		<EndTestTime>1700653546</EndTestTime>
		<ElapsedMinutes>0</ElapsedMinutes>
	</Testing>
</Site>
