<?xml version="1.0" encoding="UTF-8"?>
<Site BuildName="Linux-g++"
	BuildStamp="20240405-1957-Experimental"
	Name="alejo-costa"
	Generator="ctest-3.24.3"
	CompilerName="/usr/bin/g++"
	CompilerVersion="11.4.0"
	OSName="Linux"
	Hostname="alejo-costa"
	OSRelease="6.5.0-25-generic"
	OSVersion="#25~22.04.1-Ubuntu SMP PREEMPT_DYNAMIC Tue Feb 20 16:09:15 UTC 2"
	OSPlatform="x86_64"
	Is64Bits="1"
	VendorString="GenuineIntel"
	VendorID="Intel Corporation"
	FamilyID="6"
	ModelID="158"
	ProcessorCacheSize="12288"
	NumberOfLogicalCPU="12"
	NumberOfPhysicalCPU="6"
	TotalVirtualMemory="2047"
	TotalPhysicalMemory="15852"
	LogicalProcessorsPerPhysical="2"
	ProcessorClockFrequency="4300"
	>
	<Testing>
		<StartDateTime>Apr 05 16:57 -03</StartDateTime>
		<StartTestTime>1712347044</StartTestTime>
		<TestList/>
		<EndDateTime>Apr 05 16:57 -03</EndDateTime>
		<EndTestTime>1712347044</EndTestTime>
		<ElapsedMinutes>0</ElapsedMinutes>
	</Testing>
</Site>
