<?xml version="1.0" encoding="UTF-8"?>
<Site BuildName="Linux-g++"
	BuildStamp="20230925-1234-Experimental"
	Name="alejo-costa"
	Generator="ctest-3.24.3"
	CompilerName="/usr/bin/g++"
	CompilerVersion="11.3.0"
	OSName="Linux"
	Hostname="alejo-costa"
	OSRelease="6.2.0-33-generic"
	OSVersion="#33~22.04.1-Ubuntu SMP PREEMPT_DYNAMIC Thu Sep  7 10:33:52 UTC 2"
	OSPlatform="x86_64"
	Is64Bits="1"
	VendorString="GenuineIntel"
	VendorID="Intel Corporation"
	FamilyID="6"
	ModelID="158"
	ProcessorCacheSize="12288"
	NumberOfLogicalCPU="12"
	NumberOfPhysicalCPU="6"
	TotalVirtualMemory="2047"
	TotalPhysicalMemory="15852"
	LogicalProcessorsPerPhysical="2"
	ProcessorClockFrequency="1500.01"
	>
	<Testing>
		<StartDateTime>Sep 25 09:34 -03</StartDateTime>
		<StartTestTime>1695645291</StartTestTime>
		<TestList/>
		<EndDateTime>Sep 25 09:34 -03</EndDateTime>
		<EndTestTime>1695645291</EndTestTime>
		<ElapsedMinutes>0</ElapsedMinutes>
	</Testing>
</Site>
